[2025-12-14 14:25:05] local.ERROR: The "--columns" option does not exist. {"exception":"[object] (Symfony\\Component\\Console\\Exception\\RuntimeException(code: 0): The \"--columns\" option does not exist. at /home/djstar-service/Documents/Project/My_project/Estuaire Emploie New/estuaire-emploie-backend/vendor/symfony/console/Input/ArgvInput.php:226)
[stacktrace]
#0 /home/djstar-service/Documents/Project/My_project/Estuaire Emploie New/estuaire-emploie-backend/vendor/symfony/console/Input/ArgvInput.php(153): Symfony\\Component\\Console\\Input\\ArgvInput->addLongOption()
#1 /home/djstar-service/Documents/Project/My_project/Estuaire Emploie New/estuaire-emploie-backend/vendor/symfony/console/Input/ArgvInput.php(88): Symfony\\Component\\Console\\Input\\ArgvInput->parseLongOption()
#2 /home/djstar-service/Documents/Project/My_project/Estuaire Emploie New/estuaire-emploie-backend/vendor/symfony/console/Input/ArgvInput.php(77): Symfony\\Component\\Console\\Input\\ArgvInput->parseToken()
#3 /home/djstar-service/Documents/Project/My_project/Estuaire Emploie New/estuaire-emploie-backend/vendor/symfony/console/Input/Input.php(53): Symfony\\Component\\Console\\Input\\ArgvInput->parse()
#4 /home/djstar-service/Documents/Project/My_project/Estuaire Emploie New/estuaire-emploie-backend/vendor/symfony/console/Command/Command.php(289): Symfony\\Component\\Console\\Input\\Input->bind()
#5 /home/djstar-service/Documents/Project/My_project/Estuaire Emploie New/estuaire-emploie-backend/vendor/laravel/framework/src/Illuminate/Console/Command.php(182): Symfony\\Component\\Console\\Command\\Command->run()
#6 /home/djstar-service/Documents/Project/My_project/Estuaire Emploie New/estuaire-emploie-backend/vendor/symfony/console/Application.php(1103): Illuminate\\Console\\Command->run()
#7 /home/djstar-service/Documents/Project/My_project/Estuaire Emploie New/estuaire-emploie-backend/vendor/symfony/console/Application.php(356): Symfony\\Component\\Console\\Application->doRunCommand()
#8 /home/djstar-service/Documents/Project/My_project/Estuaire Emploie New/estuaire-emploie-backend/vendor/symfony/console/Application.php(195): Symfony\\Component\\Console\\Application->doRun()
#9 /home/djstar-service/Documents/Project/My_project/Estuaire Emploie New/estuaire-emploie-backend/vendor/laravel/framework/src/Illuminate/Foundation/Console/Kernel.php(198): Symfony\\Component\\Console\\Application->run()
#10 /home/djstar-service/Documents/Project/My_project/Estuaire Emploie New/estuaire-emploie-backend/vendor/laravel/framework/src/Illuminate/Foundation/Application.php(1235): Illuminate\\Foundation\\Console\\Kernel->handle()
#11 /home/djstar-service/Documents/Project/My_project/Estuaire Emploie New/estuaire-emploie-backend/artisan(11): Illuminate\\Foundation\\Application->handleCommand()
#12 {main}
"} 
[2025-12-14 14:25:15] local.ERROR: The "--columns" option does not exist. {"exception":"[object] (Symfony\\Component\\Console\\Exception\\RuntimeException(code: 0): The \"--columns\" option does not exist. at /home/djstar-service/Documents/Project/My_project/Estuaire Emploie New/estuaire-emploie-backend/vendor/symfony/console/Input/ArgvInput.php:226)
[stacktrace]
#0 /home/djstar-service/Documents/Project/My_project/Estuaire Emploie New/estuaire-emploie-backend/vendor/symfony/console/Input/ArgvInput.php(153): Symfony\\Component\\Console\\Input\\ArgvInput->addLongOption()
#1 /home/djstar-service/Documents/Project/My_project/Estuaire Emploie New/estuaire-emploie-backend/vendor/symfony/console/Input/ArgvInput.php(88): Symfony\\Component\\Console\\Input\\ArgvInput->parseLongOption()
#2 /home/djstar-service/Documents/Project/My_project/Estuaire Emploie New/estuaire-emploie-backend/vendor/symfony/console/Input/ArgvInput.php(77): Symfony\\Component\\Console\\Input\\ArgvInput->parseToken()
#3 /home/djstar-service/Documents/Project/My_project/Estuaire Emploie New/estuaire-emploie-backend/vendor/symfony/console/Input/Input.php(53): Symfony\\Component\\Console\\Input\\ArgvInput->parse()
#4 /home/djstar-service/Documents/Project/My_project/Estuaire Emploie New/estuaire-emploie-backend/vendor/symfony/console/Command/Command.php(289): Symfony\\Component\\Console\\Input\\Input->bind()
#5 /home/djstar-service/Documents/Project/My_project/Estuaire Emploie New/estuaire-emploie-backend/vendor/laravel/framework/src/Illuminate/Console/Command.php(182): Symfony\\Component\\Console\\Command\\Command->run()
#6 /home/djstar-service/Documents/Project/My_project/Estuaire Emploie New/estuaire-emploie-backend/vendor/symfony/console/Application.php(1103): Illuminate\\Console\\Command->run()
#7 /home/djstar-service/Documents/Project/My_project/Estuaire Emploie New/estuaire-emploie-backend/vendor/symfony/console/Application.php(356): Symfony\\Component\\Console\\Application->doRunCommand()
#8 /home/djstar-service/Documents/Project/My_project/Estuaire Emploie New/estuaire-emploie-backend/vendor/symfony/console/Application.php(195): Symfony\\Component\\Console\\Application->doRun()
#9 /home/djstar-service/Documents/Project/My_project/Estuaire Emploie New/estuaire-emploie-backend/vendor/laravel/framework/src/Illuminate/Foundation/Console/Kernel.php(198): Symfony\\Component\\Console\\Application->run()
#10 /home/djstar-service/Documents/Project/My_project/Estuaire Emploie New/estuaire-emploie-backend/vendor/laravel/framework/src/Illuminate/Foundation/Application.php(1235): Illuminate\\Foundation\\Console\\Kernel->handle()
#11 /home/djstar-service/Documents/Project/My_project/Estuaire Emploie New/estuaire-emploie-backend/artisan(11): Illuminate\\Foundation\\Application->handleCommand()
#12 {main}
"} 
[2025-12-14 14:25:19] local.ERROR: The "--columns" option does not exist. {"exception":"[object] (Symfony\\Component\\Console\\Exception\\RuntimeException(code: 0): The \"--columns\" option does not exist. at /home/djstar-service/Documents/Project/My_project/Estuaire Emploie New/estuaire-emploie-backend/vendor/symfony/console/Input/ArgvInput.php:226)
[stacktrace]
#0 /home/djstar-service/Documents/Project/My_project/Estuaire Emploie New/estuaire-emploie-backend/vendor/symfony/console/Input/ArgvInput.php(153): Symfony\\Component\\Console\\Input\\ArgvInput->addLongOption()
#1 /home/djstar-service/Documents/Project/My_project/Estuaire Emploie New/estuaire-emploie-backend/vendor/symfony/console/Input/ArgvInput.php(88): Symfony\\Component\\Console\\Input\\ArgvInput->parseLongOption()
#2 /home/djstar-service/Documents/Project/My_project/Estuaire Emploie New/estuaire-emploie-backend/vendor/symfony/console/Input/ArgvInput.php(77): Symfony\\Component\\Console\\Input\\ArgvInput->parseToken()
#3 /home/djstar-service/Documents/Project/My_project/Estuaire Emploie New/estuaire-emploie-backend/vendor/symfony/console/Input/Input.php(53): Symfony\\Component\\Console\\Input\\ArgvInput->parse()
#4 /home/djstar-service/Documents/Project/My_project/Estuaire Emploie New/estuaire-emploie-backend/vendor/symfony/console/Command/Command.php(289): Symfony\\Component\\Console\\Input\\Input->bind()
#5 /home/djstar-service/Documents/Project/My_project/Estuaire Emploie New/estuaire-emploie-backend/vendor/laravel/framework/src/Illuminate/Console/Command.php(182): Symfony\\Component\\Console\\Command\\Command->run()
#6 /home/djstar-service/Documents/Project/My_project/Estuaire Emploie New/estuaire-emploie-backend/vendor/symfony/console/Application.php(1103): Illuminate\\Console\\Command->run()
#7 /home/djstar-service/Documents/Project/My_project/Estuaire Emploie New/estuaire-emploie-backend/vendor/symfony/console/Application.php(356): Symfony\\Component\\Console\\Application->doRunCommand()
#8 /home/djstar-service/Documents/Project/My_project/Estuaire Emploie New/estuaire-emploie-backend/vendor/symfony/console/Application.php(195): Symfony\\Component\\Console\\Application->doRun()
#9 /home/djstar-service/Documents/Project/My_project/Estuaire Emploie New/estuaire-emploie-backend/vendor/laravel/framework/src/Illuminate/Foundation/Console/Kernel.php(198): Symfony\\Component\\Console\\Application->run()
#10 /home/djstar-service/Documents/Project/My_project/Estuaire Emploie New/estuaire-emploie-backend/vendor/laravel/framework/src/Illuminate/Foundation/Application.php(1235): Illuminate\\Foundation\\Console\\Kernel->handle()
#11 /home/djstar-service/Documents/Project/My_project/Estuaire Emploie New/estuaire-emploie-backend/artisan(11): Illuminate\\Foundation\\Application->handleCommand()
#12 {main}
"} 
[2025-12-14 14:41:09] local.INFO: Messages fetched for conversation {"conversation_id":1,"messages_count":17} 
[2025-12-14 14:48:43] local.INFO: Messages fetched for conversation {"conversation_id":1,"messages_count":17} 
[2025-12-14 14:52:45] local.INFO: Messages fetched for conversation {"conversation_id":1,"messages_count":18} 
[2025-12-14 15:13:53] local.INFO: Messages fetched for conversation {"conversation_id":1,"messages_count":18} 
[2025-12-14 15:16:25] local.INFO: Messages fetched for conversation {"conversation_id":1,"messages_count":19} 
[2025-12-14 15:17:56] local.INFO: Messages fetched for conversation {"conversation_id":1,"messages_count":19} 
[2025-12-14 15:19:23] local.INFO: Messages fetched for conversation {"conversation_id":1,"messages_count":19} 
[2025-12-15 07:20:40] local.ERROR: The "--columns" option does not exist. {"exception":"[object] (Symfony\\Component\\Console\\Exception\\RuntimeException(code: 0): The \"--columns\" option does not exist. at /home/djstar-service/Documents/Project/My_project/Estuaire Emploie New/estuaire-emploie-backend/vendor/symfony/console/Input/ArgvInput.php:226)
[stacktrace]
#0 /home/djstar-service/Documents/Project/My_project/Estuaire Emploie New/estuaire-emploie-backend/vendor/symfony/console/Input/ArgvInput.php(153): Symfony\\Component\\Console\\Input\\ArgvInput->addLongOption()
#1 /home/djstar-service/Documents/Project/My_project/Estuaire Emploie New/estuaire-emploie-backend/vendor/symfony/console/Input/ArgvInput.php(88): Symfony\\Component\\Console\\Input\\ArgvInput->parseLongOption()
#2 /home/djstar-service/Documents/Project/My_project/Estuaire Emploie New/estuaire-emploie-backend/vendor/symfony/console/Input/ArgvInput.php(77): Symfony\\Component\\Console\\Input\\ArgvInput->parseToken()
#3 /home/djstar-service/Documents/Project/My_project/Estuaire Emploie New/estuaire-emploie-backend/vendor/symfony/console/Input/Input.php(53): Symfony\\Component\\Console\\Input\\ArgvInput->parse()
#4 /home/djstar-service/Documents/Project/My_project/Estuaire Emploie New/estuaire-emploie-backend/vendor/symfony/console/Command/Command.php(289): Symfony\\Component\\Console\\Input\\Input->bind()
#5 /home/djstar-service/Documents/Project/My_project/Estuaire Emploie New/estuaire-emploie-backend/vendor/laravel/framework/src/Illuminate/Console/Command.php(182): Symfony\\Component\\Console\\Command\\Command->run()
#6 /home/djstar-service/Documents/Project/My_project/Estuaire Emploie New/estuaire-emploie-backend/vendor/symfony/console/Application.php(1103): Illuminate\\Console\\Command->run()
#7 /home/djstar-service/Documents/Project/My_project/Estuaire Emploie New/estuaire-emploie-backend/vendor/symfony/console/Application.php(356): Symfony\\Component\\Console\\Application->doRunCommand()
#8 /home/djstar-service/Documents/Project/My_project/Estuaire Emploie New/estuaire-emploie-backend/vendor/symfony/console/Application.php(195): Symfony\\Component\\Console\\Application->doRun()
#9 /home/djstar-service/Documents/Project/My_project/Estuaire Emploie New/estuaire-emploie-backend/vendor/laravel/framework/src/Illuminate/Foundation/Console/Kernel.php(198): Symfony\\Component\\Console\\Application->run()
#10 /home/djstar-service/Documents/Project/My_project/Estuaire Emploie New/estuaire-emploie-backend/vendor/laravel/framework/src/Illuminate/Foundation/Application.php(1235): Illuminate\\Foundation\\Console\\Kernel->handle()
#11 /home/djstar-service/Documents/Project/My_project/Estuaire Emploie New/estuaire-emploie-backend/artisan(11): Illuminate\\Foundation\\Application->handleCommand()
#12 {main}
"} 
[2025-12-15 07:20:50] local.ERROR: The "--columns" option does not exist. {"exception":"[object] (Symfony\\Component\\Console\\Exception\\RuntimeException(code: 0): The \"--columns\" option does not exist. at /home/djstar-service/Documents/Project/My_project/Estuaire Emploie New/estuaire-emploie-backend/vendor/symfony/console/Input/ArgvInput.php:226)
[stacktrace]
#0 /home/djstar-service/Documents/Project/My_project/Estuaire Emploie New/estuaire-emploie-backend/vendor/symfony/console/Input/ArgvInput.php(153): Symfony\\Component\\Console\\Input\\ArgvInput->addLongOption()
#1 /home/djstar-service/Documents/Project/My_project/Estuaire Emploie New/estuaire-emploie-backend/vendor/symfony/console/Input/ArgvInput.php(88): Symfony\\Component\\Console\\Input\\ArgvInput->parseLongOption()
#2 /home/djstar-service/Documents/Project/My_project/Estuaire Emploie New/estuaire-emploie-backend/vendor/symfony/console/Input/ArgvInput.php(77): Symfony\\Component\\Console\\Input\\ArgvInput->parseToken()
#3 /home/djstar-service/Documents/Project/My_project/Estuaire Emploie New/estuaire-emploie-backend/vendor/symfony/console/Input/Input.php(53): Symfony\\Component\\Console\\Input\\ArgvInput->parse()
#4 /home/djstar-service/Documents/Project/My_project/Estuaire Emploie New/estuaire-emploie-backend/vendor/symfony/console/Command/Command.php(289): Symfony\\Component\\Console\\Input\\Input->bind()
#5 /home/djstar-service/Documents/Project/My_project/Estuaire Emploie New/estuaire-emploie-backend/vendor/laravel/framework/src/Illuminate/Console/Command.php(182): Symfony\\Component\\Console\\Command\\Command->run()
#6 /home/djstar-service/Documents/Project/My_project/Estuaire Emploie New/estuaire-emploie-backend/vendor/symfony/console/Application.php(1103): Illuminate\\Console\\Command->run()
#7 /home/djstar-service/Documents/Project/My_project/Estuaire Emploie New/estuaire-emploie-backend/vendor/symfony/console/Application.php(356): Symfony\\Component\\Console\\Application->doRunCommand()
#8 /home/djstar-service/Documents/Project/My_project/Estuaire Emploie New/estuaire-emploie-backend/vendor/symfony/console/Application.php(195): Symfony\\Component\\Console\\Application->doRun()
#9 /home/djstar-service/Documents/Project/My_project/Estuaire Emploie New/estuaire-emploie-backend/vendor/laravel/framework/src/Illuminate/Foundation/Console/Kernel.php(198): Symfony\\Component\\Console\\Application->run()
#10 /home/djstar-service/Documents/Project/My_project/Estuaire Emploie New/estuaire-emploie-backend/vendor/laravel/framework/src/Illuminate/Foundation/Application.php(1235): Illuminate\\Foundation\\Console\\Kernel->handle()
#11 /home/djstar-service/Documents/Project/My_project/Estuaire Emploie New/estuaire-emploie-backend/artisan(11): Illuminate\\Foundation\\Application->handleCommand()
#12 {main}
"} 
[2025-12-15 07:20:54] local.ERROR: The "--columns" option does not exist. {"exception":"[object] (Symfony\\Component\\Console\\Exception\\RuntimeException(code: 0): The \"--columns\" option does not exist. at /home/djstar-service/Documents/Project/My_project/Estuaire Emploie New/estuaire-emploie-backend/vendor/symfony/console/Input/ArgvInput.php:226)
[stacktrace]
#0 /home/djstar-service/Documents/Project/My_project/Estuaire Emploie New/estuaire-emploie-backend/vendor/symfony/console/Input/ArgvInput.php(153): Symfony\\Component\\Console\\Input\\ArgvInput->addLongOption()
#1 /home/djstar-service/Documents/Project/My_project/Estuaire Emploie New/estuaire-emploie-backend/vendor/symfony/console/Input/ArgvInput.php(88): Symfony\\Component\\Console\\Input\\ArgvInput->parseLongOption()
#2 /home/djstar-service/Documents/Project/My_project/Estuaire Emploie New/estuaire-emploie-backend/vendor/symfony/console/Input/ArgvInput.php(77): Symfony\\Component\\Console\\Input\\ArgvInput->parseToken()
#3 /home/djstar-service/Documents/Project/My_project/Estuaire Emploie New/estuaire-emploie-backend/vendor/symfony/console/Input/Input.php(53): Symfony\\Component\\Console\\Input\\ArgvInput->parse()
#4 /home/djstar-service/Documents/Project/My_project/Estuaire Emploie New/estuaire-emploie-backend/vendor/symfony/console/Command/Command.php(289): Symfony\\Component\\Console\\Input\\Input->bind()
#5 /home/djstar-service/Documents/Project/My_project/Estuaire Emploie New/estuaire-emploie-backend/vendor/laravel/framework/src/Illuminate/Console/Command.php(182): Symfony\\Component\\Console\\Command\\Command->run()
#6 /home/djstar-service/Documents/Project/My_project/Estuaire Emploie New/estuaire-emploie-backend/vendor/symfony/console/Application.php(1103): Illuminate\\Console\\Command->run()
#7 /home/djstar-service/Documents/Project/My_project/Estuaire Emploie New/estuaire-emploie-backend/vendor/symfony/console/Application.php(356): Symfony\\Component\\Console\\Application->doRunCommand()
#8 /home/djstar-service/Documents/Project/My_project/Estuaire Emploie New/estuaire-emploie-backend/vendor/symfony/console/Application.php(195): Symfony\\Component\\Console\\Application->doRun()
#9 /home/djstar-service/Documents/Project/My_project/Estuaire Emploie New/estuaire-emploie-backend/vendor/laravel/framework/src/Illuminate/Foundation/Console/Kernel.php(198): Symfony\\Component\\Console\\Application->run()
#10 /home/djstar-service/Documents/Project/My_project/Estuaire Emploie New/estuaire-emploie-backend/vendor/laravel/framework/src/Illuminate/Foundation/Application.php(1235): Illuminate\\Foundation\\Console\\Kernel->handle()
#11 /home/djstar-service/Documents/Project/My_project/Estuaire Emploie New/estuaire-emploie-backend/artisan(11): Illuminate\\Foundation\\Application->handleCommand()
#12 {main}
"} 
